<?xml version="1.0" encoding="UTF-8"?>
<testng-results ignored="0" total="1" passed="1" failed="0" skipped="0">
  <reporter-output>
  </reporter-output>
  <suite started-at="2025-09-28T15:47:45 WIB" name="Surefire suite" finished-at="2025-09-28T15:47:54 WIB" duration-ms="9077">
    <groups>
    </groups>
    <test started-at="2025-09-28T15:47:45 WIB" name="Surefire test" finished-at="2025-09-28T15:47:54 WIB" duration-ms="9077">
      <class name="com.juaracoding.traveltest.AppTest">
        <test-method is-config="true" signature="setup()[pri:0, instance:com.juaracoding.traveltest.AppTest@25a65b77]" started-at="2025-09-28T15:47:45 WIB" name="setup" finished-at="2025-09-28T15:47:52 WIB" duration-ms="7370" status="PASS">
          <reporter-output>
          </reporter-output>
        </test-method> <!-- setup -->
        <test-method signature="registerUserTest()[pri:0, instance:com.juaracoding.traveltest.AppTest@25a65b77]" started-at="2025-09-28T15:47:52 WIB" name="registerUserTest" finished-at="2025-09-28T15:47:54 WIB" duration-ms="1668" status="PASS">
          <reporter-output>
          </reporter-output>
        </test-method> <!-- registerUserTest -->
      </class> <!-- com.juaracoding.traveltest.AppTest -->
    </test> <!-- Surefire test -->
  </suite> <!-- Surefire suite -->
</testng-results>
